<?xml version="1.0" encoding="UTF-8" ?>
<testsuite tests="16" failures="0" name="edu.neu.ccs.cs5010.assignment4.ridesharemodel.violationrecords.recordTest" time="0" errors="0" skipped="0">
  <properties>
    <property name="idea.version" value="2018.2.4"/>
    <property name="java.runtime.name" value="Java(TM) SE Runtime Environment"/>
    <property name="sun.boot.library.path" value="C:\Program Files\Java\jdk1.8.0_171\jre\bin"/>
    <property name="java.vm.version" value="25.171-b11"/>
    <property name="java.vm.vendor" value="Oracle Corporation"/>
    <property name="maven.multiModuleProjectDirectory" value="D:\Documents\Yitian Zhu\NEU\2018_Fall\CS5010 PDP\Student_repo_timzyt\assignment4-timzyt"/>
    <property name="java.vendor.url" value="http://java.oracle.com/"/>
    <property name="path.separator" value=";"/>
    <property name="guice.disable.misplaced.annotation.check" value="true"/>
    <property name="java.vm.name" value="Java HotSpot(TM) 64-Bit Server VM"/>
    <property name="file.encoding.pkg" value="sun.io"/>
    <property name="user.script" value=""/>
    <property name="user.country" value="US"/>
    <property name="sun.java.launcher" value="SUN_STANDARD"/>
    <property name="sun.os.patch.level" value=""/>
    <property name="java.vm.specification.name" value="Java Virtual Machine Specification"/>
    <property name="user.dir" value="D:\Documents\Yitian Zhu\NEU\2018_Fall\CS5010 PDP\Student_repo_timzyt\assignment4-timzyt"/>
    <property name="java.runtime.version" value="1.8.0_171-b11"/>
    <property name="java.awt.graphicsenv" value="sun.awt.Win32GraphicsEnvironment"/>
    <property name="java.endorsed.dirs" value="C:\Program Files\Java\jdk1.8.0_171\jre\lib\endorsed"/>
    <property name="os.arch" value="amd64"/>
    <property name="java.io.tmpdir" value="C:\Users\yitia\AppData\Local\Temp\"/>
    <property name="line.separator" value="
"/>
    <property name="java.vm.specification.vendor" value="Oracle Corporation"/>
    <property name="user.variant" value=""/>
    <property name="os.name" value="Windows 10"/>
    <property name="classworlds.conf" value="C:\Program Files\JetBrains\IntelliJ IDEA 2018.2.4\plugins\maven\lib\maven3\bin\m2.conf"/>
    <property name="sun.jnu.encoding" value="GBK"/>
    <property name="java.library.path" value="C:\Program Files\Java\jdk1.8.0_171\bin;C:\WINDOWS\Sun\Java\bin;C:\WINDOWS\system32;C:\WINDOWS;C:\Program Files (x86)\Common Files\Oracle\Java\javapath;C:\WINDOWS\system32;C:\WINDOWS;C:\WINDOWS\System32\Wbem;C:\WINDOWS\System32\WindowsPowerShell\v1.0\;C:\WINDOWS\System32\OpenSSH\;C:\Program Files\Java\jdk1.8.0_171\bin;C:\Program Files\Java\jre1.8.0_171\bin;C:\Program Files\Git\bin;C:\Users\yitia\AppData\Local\Programs\Python\Python36;C:\Program Files\Sublime Text 3;C:\Users\yitia\AppData\Local\Programs\Python\Python36-32\Scripts\;C:\Users\yitia\AppData\Local\Programs\Python\Python36-32\;C:\Users\yitia\AppData\Local\Microsoft\WindowsApps;C:\Users\yitia\AppData\Local\GitHubDesktop\bin;C:\Program Files (x86)\Sublime Text 3;;."/>
    <property name="java.specification.name" value="Java Platform API Specification"/>
    <property name="java.class.version" value="52.0"/>
    <property name="sun.management.compiler" value="HotSpot 64-Bit Tiered Compilers"/>
    <property name="os.version" value="10.0"/>
    <property name="user.home" value="C:\Users\yitia"/>
    <property name="user.timezone" value="America/Los_Angeles"/>
    <property name="java.awt.printerjob" value="sun.awt.windows.WPrinterJob"/>
    <property name="java.specification.version" value="1.8"/>
    <property name="file.encoding" value="UTF-8"/>
    <property name="user.name" value="yitia"/>
    <property name="java.class.path" value="C:\Program Files\JetBrains\IntelliJ IDEA 2018.2.4\plugins\maven\lib\maven3\boot\plexus-classworlds-2.5.2.jar;C:\Program Files\JetBrains\IntelliJ IDEA 2018.2.4\lib\idea_rt.jar"/>
    <property name="java.vm.specification.version" value="1.8"/>
    <property name="sun.arch.data.model" value="64"/>
    <property name="java.home" value="C:\Program Files\Java\jdk1.8.0_171\jre"/>
    <property name="sun.java.command" value="org.codehaus.classworlds.Launcher -Didea.version=2018.2.4 clean test site"/>
    <property name="java.specification.vendor" value="Oracle Corporation"/>
    <property name="user.language" value="en"/>
    <property name="awt.toolkit" value="sun.awt.windows.WToolkit"/>
    <property name="java.vm.info" value="mixed mode"/>
    <property name="java.version" value="1.8.0_171"/>
    <property name="java.ext.dirs" value="C:\Program Files\Java\jdk1.8.0_171\jre\lib\ext;C:\WINDOWS\Sun\Java\lib\ext"/>
    <property name="sun.boot.class.path" value="C:\Program Files\Java\jdk1.8.0_171\jre\lib\resources.jar;C:\Program Files\Java\jdk1.8.0_171\jre\lib\rt.jar;C:\Program Files\Java\jdk1.8.0_171\jre\lib\sunrsasign.jar;C:\Program Files\Java\jdk1.8.0_171\jre\lib\jsse.jar;C:\Program Files\Java\jdk1.8.0_171\jre\lib\jce.jar;C:\Program Files\Java\jdk1.8.0_171\jre\lib\charsets.jar;C:\Program Files\Java\jdk1.8.0_171\jre\lib\jfr.jar;C:\Program Files\Java\jdk1.8.0_171\jre\classes"/>
    <property name="java.vendor" value="Oracle Corporation"/>
    <property name="maven.home" value="C:\Program Files\JetBrains\IntelliJ IDEA 2018.2.4\plugins\maven\lib\maven3"/>
    <property name="file.separator" value="\"/>
    <property name="java.vendor.url.bug" value="http://bugreport.sun.com/bugreport/"/>
    <property name="sun.cpu.endian" value="little"/>
    <property name="sun.io.unicode.encoding" value="UnicodeLittle"/>
    <property name="sun.desktop" value="windows"/>
    <property name="sun.cpu.isalist" value="amd64"/>
  </properties>
  <testcase classname="edu.neu.ccs.cs5010.assignment4.ridesharemodel.violationrecords.recordTest" name="testNegativeRecordId" time="0"/>
  <testcase classname="edu.neu.ccs.cs5010.assignment4.ridesharemodel.violationrecords.recordTest" name="testGetViolationType" time="0"/>
  <testcase classname="edu.neu.ccs.cs5010.assignment4.ridesharemodel.violationrecords.recordTest" name="testIsMovingViolation" time="0"/>
  <testcase classname="edu.neu.ccs.cs5010.assignment4.ridesharemodel.violationrecords.recordTest" name="testBothNullViolationTypeAndCrashType" time="0"/>
  <testcase classname="edu.neu.ccs.cs5010.assignment4.ridesharemodel.violationrecords.recordTest" name="testGetVehicle" time="0"/>
  <testcase classname="edu.neu.ccs.cs5010.assignment4.ridesharemodel.violationrecords.recordTest" name="testGetDriver" time="0"/>
  <testcase classname="edu.neu.ccs.cs5010.assignment4.ridesharemodel.violationrecords.recordTest" name="testToString" time="0"/>
  <testcase classname="edu.neu.ccs.cs5010.assignment4.ridesharemodel.violationrecords.recordTest" name="testEquals" time="0"/>
  <testcase classname="edu.neu.ccs.cs5010.assignment4.ridesharemodel.violationrecords.recordTest" name="testHashCode" time="0"/>
  <testcase classname="edu.neu.ccs.cs5010.assignment4.ridesharemodel.violationrecords.recordTest" name="testNullDate" time="0"/>
  <testcase classname="edu.neu.ccs.cs5010.assignment4.ridesharemodel.violationrecords.recordTest" name="testNullRecordId" time="0"/>
  <testcase classname="edu.neu.ccs.cs5010.assignment4.ridesharemodel.violationrecords.recordTest" name="testGetRecordID" time="0"/>
  <testcase classname="edu.neu.ccs.cs5010.assignment4.ridesharemodel.violationrecords.recordTest" name="testGetCrashType" time="0"/>
  <testcase classname="edu.neu.ccs.cs5010.assignment4.ridesharemodel.violationrecords.recordTest" name="testGetDate" time="0"/>
  <testcase classname="edu.neu.ccs.cs5010.assignment4.ridesharemodel.violationrecords.recordTest" name="testNullVehicle" time="0"/>
  <testcase classname="edu.neu.ccs.cs5010.assignment4.ridesharemodel.violationrecords.recordTest" name="testNullDriver" time="0"/>
</testsuite>